<?xml version="1.0" encoding="UTF-8"?>
<!-- Generated by org.testng.reporters.JUnitReportReporter -->
<testsuite skipped="0" hostname="DESKTOP-ITMSRE3" name="mavenDemo11.RegiLoginFlightBook" tests="1" failures="0" timestamp="2022-10-04T14:54:36 IST" time="10.380" errors="0">
  <testcase name="flightbook" time="10.380" classname="mavenDemo11.RegiLoginFlightBook"/>
  <system-out/>
</testsuite> <!-- mavenDemo11.RegiLoginFlightBook -->
