<?xml version="1.0" encoding="UTF-8"?>
<!-- Generated by org.testng.reporters.JUnitReportReporter -->
<testsuite skipped="0" hostname="DESKTOP-ITMSRE3" name="mavenDemo11.maven111" tests="1" failures="0" timestamp="2022-10-01T16:55:27 IST" time="4.240" errors="0">
  <testcase name="m4" time="4.240" classname="mavenDemo11.maven111"/>
  <system-out/>
</testsuite> <!-- mavenDemo11.maven111 -->
